[2025-12-12 16:09:17,532] INFO - Using device: cuda
[2025-12-12 16:09:17,580] INFO - Found 13169 rows 
7309 (55.50%) toxic 
5860 (44.50%) neutral
[2025-12-12 16:09:17,673] INFO - Train size: 10535 (80.00%)
[2025-12-12 16:09:17,674] INFO - Val size: 1317 (10.00%)
[2025-12-12 16:09:17,674] INFO - Test size: 1317 (10.00%)
[2025-12-12 16:09:19,437] INFO - Starting supervised fine-tuning...
[2025-12-12 16:10:55,443] INFO - [CLS] Epoch 1/3 | train_loss=0.5334 | val_loss=0.3914 | val_acc=0.8299
[2025-12-12 16:10:55,828] INFO - [CLS] New best model saved with val_acc=0.8299
[2025-12-12 16:12:31,206] INFO - [CLS] Epoch 2/3 | train_loss=0.3660 | val_loss=0.3415 | val_acc=0.8459
[2025-12-12 16:12:31,793] INFO - [CLS] New best model saved with val_acc=0.8459
[2025-12-12 16:14:07,232] INFO - [CLS] Epoch 3/3 | train_loss=0.2993 | val_loss=0.3228 | val_acc=0.8489
[2025-12-12 16:14:07,842] INFO - [CLS] New best model saved with val_acc=0.8489
[2025-12-12 16:14:12,366] INFO - [TEST] Accuracy: 0.8656
[2025-12-12 16:14:12,367] INFO - 
              precision    recall  f1-score   support

     Neutral     0.8794    0.8089    0.8427       586
Hate_Abusive     0.8560    0.9111    0.8827       731

    accuracy                         0.8656      1317
   macro avg     0.8677    0.8600    0.8627      1317
weighted avg     0.8664    0.8656    0.8649      1317

