[2025-12-12 15:57:20,281] INFO - Using device: cuda
[2025-12-12 15:57:20,329] INFO - Found 13169 rows 
7309 (55.50%) toxic 
5860 (44.50%) neutral
[2025-12-12 15:57:20,425] INFO - Train size: 10535 (80.00%)
[2025-12-12 15:57:20,425] INFO - Val size: 1317 (10.00%)
[2025-12-12 15:57:20,425] INFO - Test size: 1317 (10.00%)
[2025-12-12 15:57:22,577] INFO - Starting SimCSE pretraining...
[2025-12-12 16:00:18,660] INFO - [SimCSE] Epoch 1/2 - avg loss: 0.4946
[2025-12-12 16:03:14,221] INFO - [SimCSE] Epoch 2/2 - avg loss: 0.0223
[2025-12-12 16:03:14,223] INFO - Starting supervised fine-tuning...
[2025-12-12 16:04:49,778] INFO - [CLS] Epoch 1/3 | train_loss=0.4384 | val_loss=0.2969 | val_acc=0.8717
[2025-12-12 16:04:50,165] INFO - [CLS] New best model saved with val_acc=0.8717
[2025-12-12 16:06:25,681] INFO - [CLS] Epoch 2/3 | train_loss=0.2231 | val_loss=0.2474 | val_acc=0.9021
[2025-12-12 16:06:26,332] INFO - [CLS] New best model saved with val_acc=0.9021
[2025-12-12 16:08:01,876] INFO - [CLS] Epoch 3/3 | train_loss=0.1437 | val_loss=0.2627 | val_acc=0.9005
[2025-12-12 16:08:06,411] INFO - [TEST] Accuracy: 0.8960
[2025-12-12 16:08:06,411] INFO - 
              precision    recall  f1-score   support

     Neutral     0.9089    0.8515    0.8793       586
Hate_Abusive     0.8867    0.9316    0.9086       731

    accuracy                         0.8960      1317
   macro avg     0.8978    0.8916    0.8940      1317
weighted avg     0.8966    0.8960    0.8956      1317

